  PSO.cpp
d:\sverre\programmering\bioai\bioai4\ov4\ov4\schedulebuilder.h(42): warning C4800: 'char': forcing value to bool 'true' or 'false' (performance warning)
d:\sverre\programmering\bioai\bioai4\ov4\ov4\schedulebuilder.h(49): warning C4018: '<': signed/unsigned mismatch
d:\sverre\programmering\bioai\bioai4\ov4\ov4\schedulebuilder.h(62): warning C4018: '<': signed/unsigned mismatch
d:\sverre\programmering\bioai\bioai4\ov4\ov4\schedulebuilder.h(63): warning C4018: '<': signed/unsigned mismatch
d:\sverre\programmering\bioai\bioai4\ov4\ov4\pso.h(18): warning C4244: 'argument': conversion from 'int' to 'float', possible loss of data
d:\sverre\programmering\bioai\bioai4\ov4\ov4\pso.h(19): warning C4244: 'argument': conversion from 'int' to 'float', possible loss of data
d:\sverre\programmering\bioai\bioai4\ov4\ov4\pso.cpp(47): warning C4244: 'argument': conversion from 'double' to 'float', possible loss of data
d:\sverre\programmering\bioai\bioai4\ov4\ov4\pso.cpp(48): warning C4244: 'argument': conversion from 'double' to 'float', possible loss of data
d:\sverre\programmering\bioai\bioai4\ov4\ov4\pso.cpp(99): warning C4018: '<': signed/unsigned mismatch
d:\sverre\programmering\bioai\bioai4\ov4\ov4\pso.cpp(114): warning C4018: '<': signed/unsigned mismatch
d:\sverre\programmering\bioai\bioai4\ov4\ov4\pso.cpp(115): warning C4018: '<': signed/unsigned mismatch
d:\sverre\programmering\bioai\bioai4\ov4\ov4\pso.cpp(131): warning C4018: '<': signed/unsigned mismatch
d:\sverre\programmering\bioai\bioai4\ov4\ov4\pso.cpp(132): warning C4018: '<': signed/unsigned mismatch
d:\sverre\programmering\bioai\bioai4\ov4\ov4\pso.cpp(146): warning C4018: '<': signed/unsigned mismatch
d:\sverre\programmering\bioai\bioai4\ov4\ov4\pso.cpp(147): warning C4018: '<': signed/unsigned mismatch
  Generating Code...
  Compiling...
  main.cpp
d:\sverre\programmering\bioai\bioai4\ov4\ov4\schedulebuilder.h(42): warning C4800: 'char': forcing value to bool 'true' or 'false' (performance warning)
d:\sverre\programmering\bioai\bioai4\ov4\ov4\schedulebuilder.h(49): warning C4018: '<': signed/unsigned mismatch
d:\sverre\programmering\bioai\bioai4\ov4\ov4\schedulebuilder.h(62): warning C4018: '<': signed/unsigned mismatch
d:\sverre\programmering\bioai\bioai4\ov4\ov4\schedulebuilder.h(63): warning C4018: '<': signed/unsigned mismatch
d:\sverre\programmering\bioai\bioai4\ov4\ov4\pso.h(18): warning C4244: 'argument': conversion from 'int' to 'float', possible loss of data
d:\sverre\programmering\bioai\bioai4\ov4\ov4\pso.h(19): warning C4244: 'argument': conversion from 'int' to 'float', possible loss of data
d:\sverre\programmering\bioai\bioai4\ov4\ov4\main.cpp(14): warning C4244: 'argument': conversion from 'time_t' to 'unsigned int', possible loss of data
  Generating Code...
  Ov4.vcxproj -> D:\Sverre\Programmering\BioAI\BioAI4\Ov4\Debug\Ov4.exe
