  PSO.cpp
d:\sverre\programmering\bioai\bioai4\ov4\ov4\scheduleBuilder.h(42): warning C4800: 'char': forcing value to bool 'true' or 'false' (performance warning)
d:\sverre\programmering\bioai\bioai4\ov4\ov4\scheduleBuilder.h(49): warning C4018: '<': signed/unsigned mismatch
d:\sverre\programmering\bioai\bioai4\ov4\ov4\scheduleBuilder.h(62): warning C4018: '<': signed/unsigned mismatch
d:\sverre\programmering\bioai\bioai4\ov4\ov4\scheduleBuilder.h(63): warning C4018: '<': signed/unsigned mismatch
d:\sverre\programmering\bioai\bioai4\ov4\ov4\PSO.h(18): warning C4244: 'argument': conversion from 'int' to 'float', possible loss of data
d:\sverre\programmering\bioai\bioai4\ov4\ov4\PSO.h(19): warning C4244: 'argument': conversion from 'int' to 'float', possible loss of data
PSO.cpp(47): warning C4244: 'argument': conversion from 'double' to 'float', possible loss of data
PSO.cpp(48): warning C4244: 'argument': conversion from 'double' to 'float', possible loss of data
PSO.cpp(99): warning C4018: '<': signed/unsigned mismatch
PSO.cpp(114): warning C4018: '<': signed/unsigned mismatch
PSO.cpp(115): warning C4018: '<': signed/unsigned mismatch
PSO.cpp(131): warning C4018: '<': signed/unsigned mismatch
PSO.cpp(132): warning C4018: '<': signed/unsigned mismatch
PSO.cpp(146): warning C4018: '<': signed/unsigned mismatch
PSO.cpp(147): warning C4018: '<': signed/unsigned mismatch
  main.cpp
d:\sverre\programmering\bioai\bioai4\ov4\ov4\scheduleBuilder.h(42): warning C4800: 'char': forcing value to bool 'true' or 'false' (performance warning)
d:\sverre\programmering\bioai\bioai4\ov4\ov4\scheduleBuilder.h(49): warning C4018: '<': signed/unsigned mismatch
d:\sverre\programmering\bioai\bioai4\ov4\ov4\scheduleBuilder.h(62): warning C4018: '<': signed/unsigned mismatch
d:\sverre\programmering\bioai\bioai4\ov4\ov4\scheduleBuilder.h(63): warning C4018: '<': signed/unsigned mismatch
d:\sverre\programmering\bioai\bioai4\ov4\ov4\PSO.h(18): warning C4244: 'argument': conversion from 'int' to 'float', possible loss of data
d:\sverre\programmering\bioai\bioai4\ov4\ov4\PSO.h(19): warning C4244: 'argument': conversion from 'int' to 'float', possible loss of data
main.cpp(14): warning C4244: 'argument': conversion from 'time_t' to 'unsigned int', possible loss of data
  readData.cpp
d:\sverre\programmering\bioai\bioai4\ov4\ov4\scheduleBuilder.h(42): warning C4800: 'char': forcing value to bool 'true' or 'false' (performance warning)
d:\sverre\programmering\bioai\bioai4\ov4\ov4\scheduleBuilder.h(49): warning C4018: '<': signed/unsigned mismatch
d:\sverre\programmering\bioai\bioai4\ov4\ov4\scheduleBuilder.h(62): warning C4018: '<': signed/unsigned mismatch
d:\sverre\programmering\bioai\bioai4\ov4\ov4\scheduleBuilder.h(63): warning C4018: '<': signed/unsigned mismatch
  Generating code
  3 of 926 functions ( 0.3%) were compiled, the rest were copied from previous compilation.
    0 functions were new in current compilation
    1 functions had inline decision re-evaluated but remain unchanged
  Finished generating code
  Ov4.vcxproj -> D:\Sverre\Programmering\BioAI\BioAI4\Ov4\Release\Ov4.exe
